1596215159570:quite
1596215169782:quit
1596218115965:help
1596218168877:save-user
1596218203284:quit
1596218227107:help
1596218232351:save-user
1596218302948:save-user <1> <maliha> <maliha> <123> <31/07/2020> <01/01/2001>
1596218424181:quit
1596219018249:help
1596219050600:save-user <Maliha> <maliha> <123> <31/07/2020> <01/01/2001>
1596219122565:quit
1596219426106:help
1596219461942:save-user <Maliha> <maliha> <123> <31/07/2020> <01/01/2001>
1596219618439:quit
1596219911650:remove-all-books
1596219936523:remove-all-users
1596219942706:remove-all-user
1596219975804:help
1596220018228:remove-allusers
1596220050950:quit
1596657129812:help
1596657142405:create-user
1596657283423:stacktrace
1596657758003:quit
1596657859229:help
1596657885067:create-user
1596657894066:stacktrace
1596660521169:quit
1596660543409:help
1596660548653:create-user
1596660557296:stacktrace
1596660629074:quit
1596660652567:help
1596660660365:create-user
1596660692993:help
1596660697487:create-hobby
1596660792811:quit
1596660875586:help
1596660880081:create-hobby
1596660891375:stacktrace
1596660960711:quit
1596661183248:create-hobby
1596661260653:quit
1596661361072:create-hobby
1596661373544:stacktrace
1596661450015:quit
1596661475432:create-hobby
1596661545973:quit
1596661574833:create-hobby
1596661632223:quit
1596661751451:create-hobby
1596661761774:stacktrace
1596662105253:quit
1596662133979:create-hobby
1596662140939:stacktrace
1596662404714:quit
1596662597466:create-hobby
1596662607214:stacktrace
1596664906773:quit
1596665210734:create-hobby
1596665269518:quit
1596665418861:create-hobby
1596665434388:stacktrace
1596665683327:quit
1596665792250:help
1596665797275:create-hobby
1596666128369:quit
1596666756306:create-hobby
1596666767531:stacktrace
1596666919970:quit
1596666943744:create-hobby
1596667042189:quit
1596667071120:create-hobby
1596667202003:quit
1596667252879:create-hobby
1596667357375:quit
1596667379434:create-hobby
1596667432746:quit
1596667487481:create-hobby
1596667511304:quit
1596667532377:create-hobby
1596667539333:stacktrace
1596667750059:quit
1596667779858:create-hobby
1596692913932:stacktrace
1596693013261:quit
1596694959413:create-hobby
1596695017812:quit
1596695045786:create-hobby
1596695216834:quit
1596695238841:create-hobby
1596695615986:quit
1596695938286:help
1596695944465:create-hobby
1596696285591:quit
1596696308520:create-hobby
1596696330556:quit
1596696353083:create-hobby
1596696385312:stacktrace
1596696580266:quit
1596696669654:create-hobby
1596696872102:stacktrace
1596697044981:quit
1596697626508:create-hobby
1596697828943:quit
1596697851613:create-hobby
1596698018659:quit
1596698040766:create-hobby
1596698174426:quit
1596698650748:create-hobby
1596699312268:quit
1596699488824:create-hobby
1596699587831:quit
1596701532350:create-hobby
1596701615887:/v1/projects/HobbyMatcher:create-hobby
1596701997713:quit
1596702075836:create-hobby
1596702317449:quit
1596702728173:create-hobby
1596702812317:quit
1596702841748:create-hobby
1596702908093:quit
1596702929342:create-hobby
1596702994570:quit
1596703015060:create-hobby
1596703096087:quit
1596703944710:create-hobby
1596704079849:quit
1596704190141:create-hobby
1596704331613:quit
1596704921453:create-hobby
1596715423639:quit
1596715469541:create-hobby
1596715477566:stacktrace
1596716205893:quit
1596716677127:create-hobby
1596716708081:quit
1596716791585:create-hobby
1596716931802:quit
1596716997639:create-hobby
1596717036750:stacktrace
1596717114814:quit
1596717158962:create-hobby
1596717233589:quit
1596717258198:create-hobby
1596717273816:stacktrace
1596717295806:quit
1596717320733:create-hobby
1596721611627:QUIT
1596721616156:quit
1596721644759:create-hobby
1596721671787:quit
1596721701928:create-hobby
1596723466480:quit
1596723487383:create-hobby
1596723545572:quit
1596723784475:create-hobby
1596772201389:quit
1596772298263:create-hobby
1596775518976:quit
1596775606764:create-post
1596775648501:quit
1596777285199:create-hobby
1596777465253:quit
1596780496818:create-user
1596780515811:create-hobby
1596780591691:quit
1596780687477:create-hobby
1596780801985:create-user
1596780809344:create-hobby
1596782146600:quit
1596782253323:create-post
1596782871042:quit
1596783067901:help
1596783073637:remove-hobby
1596783966584:quit
1596784319341:add-hobby
1596784391242:remove-hobby
1596785084810:add-hobby
1596785102001:create-post
1596785571870:quit
1596790044623:help
1596790051054:create-hobby
1596790114411:create-post
1596790444642:quit
1596792028137:create-post
1596792183297:quit
1596792715299:create-post
1596792772380:stacktrace
1596793789968:quit
1596793895664:create-post
1596794381833:QUIT
1596794384680:quit
1596794447520:create-post
1596794465841:quit
1596794579321:create-hobby
1596794604200:create-user
1596794629690:create-post
1596794694823:QUIT
1596794697560:quit
1596794756028:create-post
1596794781368:quit
1596794827294:create-post
1596794845867:quit
1596795809424:create-post
1596864138281:quit
1596864164957:create-post
1596864217421:stacktrace
1596864292214:quit
1596864513803:create-post
1596864519454:quit
1597048845770:help
1597048853044:create-post
1597049114073:quit
1597053500413:create-post
1597053559597:quit
1597053948484:create-post
1597053996925:quit
1597054063970:create-post
1597054107860:quit
1597054200918:create-post
1597054227503:quit
1597054317062:create-post
1597054345152:quit
1597054396504:create-post
1597054742529:quit
1597066647040:create-post
1597066713002:stacktrace
1597070573643:quit
1597126386281:create-user
1597126393959:create-hobby
1597126405240:create-post
1597126580547:quit
1597126631477:create-post
1597126640079:quit
1597128364183:create-post
1597128391698:stacktrace
1597129051725:quit
1597129311564:help
1597129338210:create-user
1597129345642:create-hobby
1597129353834:quit
